<?xml version="1.0" encoding="UTF-8"?>
<testng-results skipped="0" failed="0" ignored="0" total="1" passed="1">
  <reporter-output>
  </reporter-output>
  <suite name="Default suite" duration-ms="47036" started-at="2018-12-03T23:21:17Z" finished-at="2018-12-03T23:22:04Z">
    <groups>
    </groups>
    <test name="Default test" duration-ms="47036" started-at="2018-12-03T23:21:17Z" finished-at="2018-12-03T23:22:04Z">
      <class name="Rediff.com_TestCases.HompageTestCase_POF">
        <test-method status="PASS" signature="homeTest()[pri:0, instance:Rediff.com_TestCases.HompageTestCase_POF@5ce81285]" name="homeTest" duration-ms="46995" started-at="2018-12-03T23:21:17Z" finished-at="2018-12-03T23:22:04Z">
          <reporter-output>
          </reporter-output>
        </test-method> <!-- homeTest -->
      </class> <!-- Rediff.com_TestCases.HompageTestCase_POF -->
    </test> <!-- Default test -->
  </suite> <!-- Default suite -->
</testng-results>
